[
  {
    "errNum": "",
    "text": "./src/duckling/util/json-loader.service.ts:1:0-25 - Error: Module not found: Error: Can't resolve 'fs' in 'D:\\Code\\ILikeDucks\\duckling-legacy\\src\\duckling\\util'"
  },
  {
    "errNum": "",
    "text": "./src/duckling/util/path.service.ts:1:0-25 - Error: Module not found: Error: Can't resolve 'fs' in 'D:\\Code\\ILikeDucks\\duckling-legacy\\src\\duckling\\util'"
  },
  {
    "errNum": "",
    "text": "./src/duckling/util/path.service.ts:2:0-52 - Error: Module not found: Error: Can't resolve 'path' in 'D:\\Code\\ILikeDucks\\duckling-legacy\\src\\duckling\\util'"
  },
  {
    "errNum": "",
    "text": "./node_modules/electron/index.js:1:11-24 - Error: Module not found: Error: Can't resolve 'fs' in 'D:\\Code\\ILikeDucks\\duckling-legacy\\node_modules\\electron'"
  },
  {
    "errNum": "",
    "text": "./node_modules/electron/index.js:2:13-28 - Error: Module not found: Error: Can't resolve 'path' in 'D:\\Code\\ILikeDucks\\duckling-legacy\\node_modules\\electron'"
  },
  {
    "errNum": "TS2420",
    "text": "Error: node_modules/@pixi/canvas-renderer/lib/CanvasRenderer.d.ts:44:22 - error TS2420: Class 'CanvasRenderer' incorrectly implements interface 'IRenderer<ICanvas>'."
  },
  {
    "errNum": "TS2322",
    "text": "Error: src/duckling/controls/json-schema-edit.component.ts:66:16 - error TS2322: Type 'JsonSchemaEditValue' is not assignable to type 'JsonSchemaEdit'."
  },
  {
    "errNum": "TS7030",
    "text": "Error: src/duckling/controls/json-schema-edit.component.ts:248:39 - error TS7030: Not all code paths return a value."
  },
  {
    "errNum": "TS2322",
    "text": "Error: src/duckling/controls/json.component.ts:60:12 - error TS2322: Type 'JsonSchemaValue' is not assignable to type 'JsonSchema'."
  },
  {
    "errNum": "TS2322",
    "text": "Error: src/duckling/controls/number-input.component.ts:28:8 - error TS2322: Type 'number' is not assignable to type 'string'."
  },
  {
    "errNum": "TS2554",
    "text": "Error: src/duckling/entityeditor/entity-editor.component.ts:48:34 - error TS2554: Expected 2 arguments, but got 1."
  },
  {
    "errNum": "TS2345",
    "text": "Error: src/duckling/game/audio/music-attribute.component.ts:37:43 - error TS2345: Argument of type 'readonly Music[]' is not assignable to parameter of type 'Music[]'."
  },
  {
    "errNum": "TS2345",
    "text": "Error: src/duckling/game/audio/music-attribute.component.ts:38:45 - error TS2345: Argument of type 'readonly Music[]' is not assignable to parameter of type 'Music[]'."
  },
  {
    "errNum": "TS2345",
    "text": "Error: src/duckling/game/audio/music-attribute.component.ts:39:43 - error TS2345: Argument of type 'readonly Music[]' is not assignable to parameter of type 'Music[]'."
  },
  {
    "errNum": "TS2339",
    "text": "Error: src/duckling/game/audio/music.component.ts:29:34 - error TS2339: Property 'index' does not exist on type 'MusicComponent'."
  },
  {
    "errNum": "TS2345",
    "text": "Error: src/duckling/game/audio/sound-attribute.component.ts:37:43 - error TS2345: Argument of type 'readonly Sound[]' is not assignable to parameter of type 'Sound[]'."
  },
  {
    "errNum": "TS2345",
    "text": "Error: src/duckling/game/audio/sound-attribute.component.ts:38:45 - error TS2345: Argument of type 'readonly Sound[]' is not assignable to parameter of type 'Sound[]'."
  },
  {
    "errNum": "TS2345",
    "text": "Error: src/duckling/game/audio/sound-attribute.component.ts:39:43 - error TS2345: Argument of type 'readonly Sound[]' is not assignable to parameter of type 'Sound[]'."
  },
  {
    "errNum": "TS2339",
    "text": "Error: src/duckling/game/audio/sound.component.ts:35:34 - error TS2339: Property 'index' does not exist on type 'SoundComponent'."
  },
  {
    "errNum": "",
    "text": "Error: src/duckling/state/state.module.ts:7:17 - error NG2005: The class 'StoreService' cannot be created via dependency injection, as it does not have an Angular decorator. This will result in an error"
  },
  {
    "errNum": "",
    "text": "Error: src/duckling/state/store.service.ts:33:17 - error NG2003: No suitable injection token for parameter 'reducer' of class 'StoreService'."
  }
]
